[DEBUG] 2020-09-27 00:01:12.496 [main] TwoTest - Browser opened
[DEBUG] 2020-09-27 00:01:13.376 [main] TwoTest - Navigated to desired URL
[DEBUG] 2020-09-27 00:01:13.481 [main] TwoTest - Clicked MyAccount
[DEBUG] 2020-09-27 00:01:14.711 [main] TwoTest - Clicked login
[DEBUG] 2020-09-27 00:01:15.879 [main] TwoTest - Email Entered
[DEBUG] 2020-09-27 00:01:16.174 [main] TwoTest - Password Entered
[DEBUG] 2020-09-27 00:01:16.478 [main] TwoTest - Submit clicked
[DEBUG] 2020-09-27 00:01:17.490 [main] TwoTest - logout displayed
[DEBUG] 2020-09-27 00:05:01.596 [main] TwoTest - Browser opened
[DEBUG] 2020-09-27 00:05:02.932 [main] TwoTest - Navigated to desired URL
[DEBUG] 2020-09-27 00:05:03.041 [main] TwoTest - Clicked MyAccount
[DEBUG] 2020-09-27 00:05:04.281 [main] TwoTest - Clicked login
[DEBUG] 2020-09-27 00:05:05.410 [main] TwoTest - Email Entered
[DEBUG] 2020-09-27 00:05:05.505 [main] TwoTest - Password Entered
[DEBUG] 2020-09-27 00:05:05.836 [main] TwoTest - Submit clicked
[DEBUG] 2020-09-27 00:05:06.879 [main] TwoTest - logout displayed
[DEBUG] 2020-09-27 00:06:01.374 [main] TwoTest - Browser opened
[DEBUG] 2020-09-27 00:06:02.317 [main] TwoTest - Navigated to desired URL
[DEBUG] 2020-09-27 00:06:02.425 [main] TwoTest - Clicked MyAccount
[DEBUG] 2020-09-27 00:06:03.694 [main] TwoTest - Clicked login
[DEBUG] 2020-09-27 00:06:04.856 [main] TwoTest - Email Entered
[DEBUG] 2020-09-27 00:06:04.956 [main] TwoTest - Password Entered
[DEBUG] 2020-09-27 00:06:05.263 [main] TwoTest - Submit clicked
[DEBUG] 2020-09-27 00:06:06.280 [main] TwoTest - logout displayed
[DEBUG] 2020-09-27 00:25:47.857 [main] TwoTest - Browser opened
[DEBUG] 2020-09-27 00:25:48.706 [main] TwoTest - Navigated to desired URL
[DEBUG] 2020-09-27 00:25:48.814 [main] TwoTest - Clicked MyAccount
[DEBUG] 2020-09-27 00:25:50.104 [main] TwoTest - Clicked login
[DEBUG] 2020-09-27 00:25:51.271 [main] TwoTest - Email Entered
[DEBUG] 2020-09-27 00:25:51.350 [main] TwoTest - Password Entered
[DEBUG] 2020-09-27 00:25:51.596 [main] TwoTest - Submit clicked
[DEBUG] 2020-09-27 00:25:57.660 [main] TwoTest - logout not displayed
[DEBUG] 2020-09-27 00:40:48.126 [TestNG-tests-1] TwoTest - Browser opened
[DEBUG] 2020-09-27 00:40:49.759 [TestNG-tests-1] TwoTest - Navigated to desired URL
[DEBUG] 2020-09-27 00:40:49.871 [TestNG-tests-1] TwoTest - Clicked MyAccount
[DEBUG] 2020-09-27 00:40:51.105 [TestNG-tests-1] TwoTest - Clicked login
[DEBUG] 2020-09-27 00:40:52.224 [TestNG-tests-1] TwoTest - Email Entered
[DEBUG] 2020-09-27 00:40:52.315 [TestNG-tests-1] TwoTest - Password Entered
[DEBUG] 2020-09-27 00:40:52.570 [TestNG-tests-1] TwoTest - Submit clicked
[DEBUG] 2020-09-27 00:40:58.630 [TestNG-tests-1] TwoTest - logout not displayed
[DEBUG] 2020-09-27 00:46:58.088 [TestNG-tests-1] TwoTest - Browser opened
[DEBUG] 2020-09-27 00:46:59.083 [TestNG-tests-1] TwoTest - Navigated to desired URL
[DEBUG] 2020-09-27 00:46:59.200 [TestNG-tests-1] TwoTest - Clicked MyAccount
[DEBUG] 2020-09-27 00:47:00.489 [TestNG-tests-1] TwoTest - Clicked login
[DEBUG] 2020-09-27 00:47:01.635 [TestNG-tests-1] TwoTest - Email Entered
[DEBUG] 2020-09-27 00:47:01.731 [TestNG-tests-1] TwoTest - Password Entered
[DEBUG] 2020-09-27 00:47:01.995 [TestNG-tests-1] TwoTest - Submit clicked
[DEBUG] 2020-09-27 00:47:08.035 [TestNG-tests-1] TwoTest - logout not displayed
[DEBUG] 2020-09-27 00:48:03.393 [TestNG-tests-1] TwoTest - Browser opened
[DEBUG] 2020-09-27 00:48:05.993 [TestNG-tests-1] TwoTest - Navigated to desired URL
[DEBUG] 2020-09-27 00:48:06.126 [TestNG-tests-1] TwoTest - Clicked MyAccount
[DEBUG] 2020-09-27 00:48:07.416 [TestNG-tests-1] TwoTest - Clicked login
[DEBUG] 2020-09-27 00:48:08.541 [TestNG-tests-1] TwoTest - Email Entered
[DEBUG] 2020-09-27 00:48:08.626 [TestNG-tests-1] TwoTest - Password Entered
[DEBUG] 2020-09-27 00:48:08.937 [TestNG-tests-1] TwoTest - Submit clicked
[DEBUG] 2020-09-27 00:48:09.951 [TestNG-tests-1] TwoTest - logout displayed
[DEBUG] 2020-09-27 00:55:11.653 [TestNG-tests-1] TwoTest - Browser opened
[DEBUG] 2020-09-27 00:55:14.031 [TestNG-tests-1] TwoTest - Navigated to desired URL
[DEBUG] 2020-09-27 00:55:14.339 [TestNG-tests-1] TwoTest - Clicked MyAccount
[DEBUG] 2020-09-27 00:55:15.633 [TestNG-tests-1] TwoTest - Clicked login
[DEBUG] 2020-09-27 00:55:16.752 [TestNG-tests-1] TwoTest - Email Entered
[DEBUG] 2020-09-27 00:55:16.833 [TestNG-tests-1] TwoTest - Password Entered
[DEBUG] 2020-09-27 00:55:17.208 [TestNG-tests-1] TwoTest - Submit clicked
[DEBUG] 2020-09-27 00:55:18.223 [TestNG-tests-1] TwoTest - logout displayed
[DEBUG] 2020-09-27 00:56:10.041 [TestNG-tests-1] TwoTest - Browser opened
[DEBUG] 2020-09-27 00:56:10.921 [TestNG-tests-1] TwoTest - Navigated to desired URL
[DEBUG] 2020-09-27 00:56:11.037 [TestNG-tests-1] TwoTest - Clicked MyAccount
[DEBUG] 2020-09-27 00:56:12.293 [TestNG-tests-1] TwoTest - Clicked login
[DEBUG] 2020-09-27 00:56:13.445 [TestNG-tests-1] TwoTest - Email Entered
[DEBUG] 2020-09-27 00:56:13.594 [TestNG-tests-1] TwoTest - Password Entered
[DEBUG] 2020-09-27 00:56:13.954 [TestNG-tests-1] TwoTest - Submit clicked
[DEBUG] 2020-09-27 00:56:20.030 [TestNG-tests-1] TwoTest - logout not displayed
[DEBUG] 2020-09-27 01:06:46.058 [TestNG-tests-1] TwoTest - Browser opened
[DEBUG] 2020-09-27 01:06:47.906 [TestNG-tests-1] TwoTest - Navigated to desired URL
[DEBUG] 2020-09-27 01:06:48.015 [TestNG-tests-1] TwoTest - Clicked MyAccount
[DEBUG] 2020-09-27 01:06:49.303 [TestNG-tests-1] TwoTest - Clicked login
[DEBUG] 2020-09-27 01:06:50.640 [TestNG-tests-1] TwoTest - Email Entered
[DEBUG] 2020-09-27 01:06:50.831 [TestNG-tests-1] TwoTest - Password Entered
[DEBUG] 2020-09-27 01:06:51.106 [TestNG-tests-1] TwoTest - Submit clicked
[DEBUG] 2020-09-27 01:06:57.180 [TestNG-tests-1] TwoTest - logout not displayed
